<?xml version="1.0" encoding="UTF-8"?>
<!-- Generated by org.testng.reporters.JUnitReportReporter -->
<testsuite hostname="DESKTOP-NSJ1APJ" failures="0" tests="3" name="com.facebook.locators.XpathFunction" time="8.192" errors="0" timestamp="2023-09-30T18:24:34 PDT" skipped="0">
  <testcase classname="com.facebook.locators.XpathFunction" name="getText" time="2.017"/>
  <testcase classname="com.facebook.locators.XpathFunction" name="listText" time="2.058"/>
  <testcase classname="com.facebook.locators.XpathFunction" name="linkText" time="4.117"/>
</testsuite> <!-- com.facebook.locators.XpathFunction -->
