<?xml version="1.0" encoding="UTF-8"?>
<!-- Generated by org.testng.reporters.JUnitReportReporter -->
<testsuite hostname="DESKTOP-NSJ1APJ" failures="0" tests="1" name="com.facebook.baseLoginTest.LoginTest" time="6.230" errors="0" timestamp="2023-10-06T15:27:32 PDT" skipped="0">
  <testcase classname="com.facebook.baseLoginTest.LoginTest" name="validLoginTest" time="6.230"/>
</testsuite> <!-- com.facebook.baseLoginTest.LoginTest -->
