<?xml version="1.0" encoding="UTF-8"?>
<!-- Generated by org.testng.reporters.JUnitReportReporter -->
<testsuite hostname="DESKTOP-NSJ1APJ" failures="0" tests="3" name="com.facebook.locators.DoubleXpath" time="0.758" errors="0" timestamp="2023-09-16T06:06:37 PDT" skipped="0">
  <testcase classname="com.facebook.locators.DoubleXpath" name="doublexPathTest" time="0.617"/>
  <testcase classname="com.facebook.locators.DoubleXpath" name="orCondition" time="0.074"/>
  <testcase classname="com.facebook.locators.DoubleXpath" name="andCondition" time="0.067"/>
</testsuite> <!-- com.facebook.locators.DoubleXpath -->
