<?xml version="1.0" encoding="UTF-8"?>
<!-- Generated by org.testng.reporters.JUnitReportReporter -->
<testsuite hostname="DESKTOP-NSJ1APJ" failures="0" tests="2" name="com.facebook.pageObjectModel_LoginTests.LoginTest" time="5.853" errors="0" timestamp="2023-09-30T05:32:18 PDT" skipped="0">
  <testcase classname="com.facebook.pageObjectModel_LoginTests.LoginTest" name="validLoginTest" time="3.518"/>
  <testcase classname="com.facebook.pageObjectModel_LoginTests.LoginTest" name="invalidLoginTest" time="2.335"/>
</testsuite> <!-- com.facebook.pageObjectModel_LoginTests.LoginTest -->
