<?xml version="1.0" encoding="UTF-8"?>
<!-- Generated by org.testng.reporters.JUnitReportReporter -->
<testsuite hostname="DESKTOP-NSJ1APJ" failures="0" tests="1" name="com.facebook.baseLoginTest.InvalidLoginTest" time="3.852" errors="0" timestamp="2023-10-06T15:29:09 PDT" skipped="0">
  <testcase classname="com.facebook.baseLoginTest.InvalidLoginTest" name="validLoginTest" time="3.852"/>
</testsuite> <!-- com.facebook.baseLoginTest.InvalidLoginTest -->
