<?xml version="1.0" encoding="UTF-8"?>
<!-- Generated by org.testng.reporters.JUnitReportReporter -->
<testsuite hostname="DESKTOP-NSJ1APJ" failures="0" tests="1" name="com.facebook.findElements.Elements" time="3.216" errors="0" timestamp="2023-09-30T05:24:02 PDT" skipped="0">
  <testcase classname="com.facebook.findElements.Elements" name="listOfElements" time="3.216"/>
</testsuite> <!-- com.facebook.findElements.Elements -->
