<?xml version="1.0" encoding="UTF-8"?>
<!-- Generated by org.testng.reporters.JUnitReportReporter -->
<testsuite hostname="DESKTOP-NSJ1APJ" failures="0" tests="3" name="com.facebookTest.FacebookTest" time="12.814" errors="0" timestamp="2023-09-16T05:56:56 PDT" skipped="0">
  <testcase classname="com.facebookTest.FacebookTest" name="testOne" time="0.004"/>
  <system-out/>
  <testcase classname="com.facebookTest.FacebookTest" name="openChromeBrowser" time="3.837"/>
  <system-out/>
  <testcase classname="com.facebookTest.FacebookTest" name="openEdgeBrowser" time="8.973"/>
  <system-out/>
</testsuite> <!-- com.facebookTest.FacebookTest -->
