<?xml version="1.0" encoding="UTF-8"?>
<!-- Generated by org.testng.reporters.JUnitReportReporter -->
<testsuite hostname="DESKTOP-NSJ1APJ" failures="0" tests="1" name="com.facebookTest.ContainFunctionXpath" time="0.014" errors="0" timestamp="2023-09-20T06:13:25 PDT" skipped="0">
  <testcase classname="com.facebookTest.ContainFunctionXpath" name="containFunction" time="0.014"/>
</testsuite> <!-- com.facebookTest.ContainFunctionXpath -->
