<?xml version="1.0" encoding="UTF-8"?>
<!-- Generated by org.testng.reporters.JUnitReportReporter -->

<testsuite hostname="DESKTOP-NSJ1APJ" failures="0" tests="3" name="com.facebook.locators.XpathFunction" time="7.738" errors="0" timestamp="2023-09-30T05:22:05 PDT" skipped="0">
  <testcase classname="com.facebook.locators.XpathFunction" name="linkText" time="2.616"/>
  <testcase classname="com.facebook.locators.XpathFunction" name="listText" time="3.268"/>
  <testcase classname="com.facebook.locators.XpathFunction" name="getText" time="1.854"/>

<testsuite hostname="DESKTOP-NSJ1APJ" failures="0" tests="3" name="com.facebook.locators.XpathFunction" time="8.240" errors="0" timestamp="2023-09-30T17:30:11 PDT" skipped="0">
  <testcase classname="com.facebook.locators.XpathFunction" name="getText" time="2.072"/>
  <testcase classname="com.facebook.locators.XpathFunction" name="linkText" time="4.128"/>
  <testcase classname="com.facebook.locators.XpathFunction" name="listText" time="2.040"/>

</testsuite> <!-- com.facebook.locators.XpathFunction -->
