<?xml version="1.0" encoding="UTF-8"?>
<!-- Generated by org.testng.reporters.JUnitReportReporter -->
<testsuite hostname="DESKTOP-NSJ1APJ" failures="0" tests="4" name="com.facebook.locators.DirectLocators" time="1.717" errors="0" timestamp="2023-09-16T06:04:30 PDT" skipped="0">
  <testcase classname="com.facebook.locators.DirectLocators" name="nameLocatorsTest" time="0.081"/>
  <testcase classname="com.facebook.locators.DirectLocators" name="linkTextLocatorsTest" time="0.709"/>
  <testcase classname="com.facebook.locators.DirectLocators" name="idLocatorsTest" time="0.082"/>
  <testcase classname="com.facebook.locators.DirectLocators" name="partioalLinkTextLocatorsTest" time="0.845"/>
</testsuite> <!-- com.facebook.locators.DirectLocators -->
