<?xml version="1.0" encoding="UTF-8"?>
<!-- Generated by org.testng.reporters.JUnitReportReporter -->
<testsuite hostname="DESKTOP-NSJ1APJ" failures="0" tests="3" name="com.facebook.locators.DynamicLocators" time="7.616" errors="0" timestamp="2023-09-30T18:22:19 PDT" skipped="0">
  <testcase classname="com.facebook.locators.DynamicLocators" name="dynamicXpath" time="2.100"/>
  <testcase classname="com.facebook.locators.DynamicLocators" name="dynamicXpath" time="2.106"/>
  <testcase classname="com.facebook.locators.DynamicLocators" name="dynamicXpath" time="3.410"/>
</testsuite> <!-- com.facebook.locators.DynamicLocators -->
