<?xml version="1.0" encoding="UTF-8"?>
<!-- Generated by org.testng.reporters.JUnitReportReporter -->
<testsuite hostname="DESKTOP-NSJ1APJ" failures="0" tests="1" name="pageFactory.LoginTest" time="3.868" errors="0" timestamp="2023-09-30T18:38:42 PDT" skipped="0">
  <testcase classname="pageFactory.LoginTest" name="boundaryLoginTest" time="3.868"/>
</testsuite> <!-- pageFactory.LoginTest -->
