<?xml version="1.0" encoding="UTF-8"?>
<!-- Generated by org.testng.reporters.JUnitReportReporter -->
<testsuite hostname="DESKTOP-NSJ1APJ" failures="0" tests="1" name="com.facebook.locators.XpathIndexing" time="3.697" errors="0" timestamp="2023-09-30T05:23:02 PDT" skipped="0">
  <testcase classname="com.facebook.locators.XpathIndexing" name="indexingMechanism" time="3.697"/>
</testsuite> <!-- com.facebook.locators.XpathIndexing -->
