<?xml version="1.0" encoding="UTF-8"?>
<!-- Generated by org.testng.reporters.JUnitReportReporter -->

<testsuite hostname="DESKTOP-NSJ1APJ" failures="0" tests="3" name="com.facebook.locators.DynamicLocators" time="7.491" errors="0" timestamp="2023-09-23T08:01:35 PDT" skipped="0">
  <testcase classname="com.facebook.locators.DynamicLocators" name="dynamicXpath" time="2.114"/>
  <testcase classname="com.facebook.locators.DynamicLocators" name="dynamicXpath" time="3.432"/>
  <testcase classname="com.facebook.locators.DynamicLocators" name="dynamicXpath" time="1.945"/>

<testsuite hostname="DESKTOP-NSJ1APJ" failures="0" tests="3" name="com.facebook.locators.DynamicLocators" time="9.185" errors="0" timestamp="2023-09-30T17:26:07 PDT" skipped="0">
  <testcase classname="com.facebook.locators.DynamicLocators" name="dynamicXpath" time="2.188"/>
  <testcase classname="com.facebook.locators.DynamicLocators" name="dynamicXpath" time="4.898"/>
  <testcase classname="com.facebook.locators.DynamicLocators" name="dynamicXpath" time="2.099"/>

</testsuite> <!-- com.facebook.locators.DynamicLocators -->
