<?xml version="1.0" encoding="UTF-8"?>
<!-- Generated by org.testng.reporters.JUnitReportReporter -->
<testsuite hostname="DESKTOP-NSJ1APJ" failures="0" tests="1" name="com.facebook.locators.RegularXpath" time="0.279" errors="0" timestamp="2023-09-16T06:05:00 PDT" skipped="0">
  <testcase classname="com.facebook.locators.RegularXpath" name="loginTest" time="0.279"/>
</testsuite> <!-- com.facebook.locators.RegularXpath -->
