<?xml version="1.0" encoding="UTF-8"?>
<!-- Generated by org.testng.reporters.JUnitReportReporter -->
<testsuite hostname="DESKTOP-NSJ1APJ" failures="0" tests="1" name="com.facebook.locators.RegularCSS" time="3.723" errors="0" timestamp="2023-09-30T17:28:03 PDT" skipped="0">
  <testcase classname="com.facebook.locators.RegularCSS" name="loginTest" time="3.723"/>
</testsuite> <!-- com.facebook.locators.RegularCSS -->
