<?xml version="1.0" encoding="UTF-8"?>
<!-- Generated by org.testng.reporters.JUnitReportReporter -->
<testsuite hostname="DESKTOP-NSJ1APJ" failures="0" tests="3" name="pom_PageFactory.LoginTestWithPageFactory" time="7.918" errors="0" timestamp="2023-09-30T18:48:29 PDT" skipped="0">
  <testcase classname="pom_PageFactory.LoginTestWithPageFactory" name="boundaryLoginTest" time="2.223"/>
  <testcase classname="pom_PageFactory.LoginTestWithPageFactory" name="inValidLoginTest" time="3.505"/>
  <testcase classname="pom_PageFactory.LoginTestWithPageFactory" name="validLoginTest" time="2.190"/>
</testsuite> <!-- pom_PageFactory.LoginTestWithPageFactory -->
