<?xml version="1.0" encoding="UTF-8"?>
<!-- Generated by org.testng.reporters.JUnitReportReporter -->
<testsuite hostname="DESKTOP-NSJ1APJ" failures="0" tests="1" name="pageFactory.LoginTestName" time="3.385" errors="0" timestamp="2023-09-30T18:47:24 PDT" skipped="0">
  <testcase classname="pageFactory.LoginTestName" name="boundaryLoginTest" time="3.385"/>
</testsuite> <!-- pageFactory.LoginTestName -->
