<?xml version="1.0" encoding="UTF-8"?>
<!-- Generated by org.testng.reporters.JUnitReportReporter -->
<testsuite hostname="DESKTOP-NSJ1APJ" failures="0" tests="1" name="com.facebook.locators.ContainFunctionXpath" time="0.016" errors="0" timestamp="2023-09-20T08:29:37 PDT" skipped="0">
  <testcase classname="com.facebook.locators.ContainFunctionXpath" name="containFunction" time="0.016"/>
</testsuite> <!-- com.facebook.locators.ContainFunctionXpath -->
